[main] INFO edu.stanford.nlp.pipeline.StanfordCoreNLP - Adding annotator tokenize
[main] INFO edu.stanford.nlp.pipeline.TokenizerAnnotator - No tokenizer type provided. Defaulting to PTBTokenizer.
[main] INFO edu.stanford.nlp.pipeline.StanfordCoreNLP - Adding annotator ssplit
[main] INFO edu.stanford.nlp.pipeline.StanfordCoreNLP - Adding annotator pos
[main] INFO edu.stanford.nlp.tagger.maxent.MaxentTagger - Reading POS tagger model from edu/stanford/nlp/models/pos-tagger/english-left3words/english-left3words-distsim.tagger ... done [2.2 sec].
[main] INFO edu.stanford.nlp.pipeline.StanfordCoreNLP - Adding annotator lemma
[main] INFO edu.stanford.nlp.pipeline.StanfordCoreNLP - Adding annotator ner
[main] INFO edu.stanford.nlp.ie.AbstractSequenceClassifier - Loading classifier from edu/stanford/nlp/models/ner/english.all.3class.distsim.crf.ser.gz ... done [5.4 sec].
[main] INFO edu.stanford.nlp.ie.AbstractSequenceClassifier - Loading classifier from edu/stanford/nlp/models/ner/english.muc.7class.distsim.crf.ser.gz ... done [2.6 sec].
[main] INFO edu.stanford.nlp.ie.AbstractSequenceClassifier - Loading classifier from edu/stanford/nlp/models/ner/english.conll.4class.distsim.crf.ser.gz ... done [2.6 sec].
[main] INFO edu.stanford.nlp.time.JollyDayHolidays - Initializing JollyDayHoliday for SUTime from classpath edu/stanford/nlp/models/sutime/jollyday/Holidays_sutime.xml as sutime.binder.1.
[main] INFO edu.stanford.nlp.ling.tokensregex.CoreMapExpressionExtractor - Reading TokensRegex rules from edu/stanford/nlp/models/sutime/defs.sutime.txt
[main] INFO edu.stanford.nlp.ling.tokensregex.CoreMapExpressionExtractor - Read 84 rules
[main] INFO edu.stanford.nlp.ling.tokensregex.CoreMapExpressionExtractor - Reading TokensRegex rules from edu/stanford/nlp/models/sutime/english.sutime.txt
[main] INFO edu.stanford.nlp.ling.tokensregex.CoreMapExpressionExtractor - Read 267 rules
[main] INFO edu.stanford.nlp.ling.tokensregex.CoreMapExpressionExtractor - Reading TokensRegex rules from edu/stanford/nlp/models/sutime/english.holidays.sutime.txt
[main] INFO edu.stanford.nlp.ling.tokensregex.CoreMapExpressionExtractor - Read 25 rules
[main] INFO edu.stanford.nlp.pipeline.StanfordCoreNLP - Adding annotator parse
[main] INFO edu.stanford.nlp.parser.common.ParserGrammar - Loading parser from serialized file edu/stanford/nlp/models/lexparser/englishPCFG.ser.gz ... done [0.7 sec].
[main] INFO edu.stanford.nlp.pipeline.StanfordCoreNLP - Adding annotator dcoref

Processing file /home/segavvy/ドキュメント/言語処理100本ノック2015/53/nlp.txt ... writing to /home/segavvy/ドキュメント/言語処理100本ノック2015/53/nlp.txt.xml
Annotating file /home/segavvy/ドキュメント/言語処理100本ノック2015/53/nlp.txt ... done [17.7 sec].

Annotation pipeline timing information:
TokenizerAnnotator: 0.1 sec.
WordsToSentencesAnnotator: 0.0 sec.
POSTaggerAnnotator: 0.2 sec.
MorphaAnnotator: 0.1 sec.
NERCombinerAnnotator: 2.9 sec.
ParserAnnotator: 11.6 sec.
DeterministicCorefAnnotator: 2.8 sec.
TOTAL: 17.7 sec. for 1452 tokens at 82.0 tokens/sec.
Pipeline setup: 21.5 sec.
Total time for StanfordCoreNLP pipeline: 39.5 sec.
